# JRE version: Java(TM) SE Runtime Environment (21.0.7+8) (build 21.0.7+8-LTS-245)
# Java VM: Java HotSpot(TM) 64-Bit Server VM (21.0.7+8-LTS-245, mixed mode, sharing, tiered, compressed oops, compressed class ptrs, g1 gc, windows-amd64)
GC Precious Log:
 CardTable entry size: 512
 Card Set container configuration: InlinePtr #cards 4 size 8 Array Of Cards #cards 16 size 48 Howl #buckets 8 coarsen threshold 3686 Howl Bitmap #cards 512 size 80 coarsen threshold 460 Card regions per heap region 1 cards per card region 4096
 CPUs: 12 total, 12 available
 Memory: 16190M
 Large Page Support: Disabled
 NUMA Support: Disabled
 Compressed Oops: Enabled (Zero based)
 Heap Region Size: 2M
 Heap Min Capacity: 8M
 Heap Initial Capacity: 254M
 Heap Max Capacity: 4048M
 Pre-touch: Disabled
 Parallel Workers: 10
 Concurrent Workers: 3
 Concurrent Refinement Workers: 10
 Periodic GC: Disabled
Heap:
 garbage-first heap   total 102400K, used 75218K [0x0000000703000000, 0x0000000800000000)
  region size 2048K, 12 young (24576K), 1 survivors (2048K)
 Metaspace       used 103921K, committed 105216K, reserved 1179648K
  class space    used 13786K, committed 14400K, reserved 1048576K
GC Heap History (20 events):
Event: 5.785 GC heap before
{Heap before GC invocations=15 (full 0):
 garbage-first heap   total 81920K, used 69805K [0x0000000703000000, 0x0000000800000000)
  region size 2048K, 19 young (38912K), 3 survivors (6144K)
 Metaspace       used 82472K, committed 83136K, reserved 1179648K
  class space    used 11161K, committed 11456K, reserved 1048576K
}
Event: 5.788 GC heap after
{Heap after GC invocations=16 (full 0):
 garbage-first heap   total 81920K, used 38437K [0x0000000703000000, 0x0000000800000000)
  region size 2048K, 1 young (2048K), 1 survivors (2048K)
 Metaspace       used 82472K, committed 83136K, reserved 1179648K
  class space    used 11161K, committed 11456K, reserved 1048576K
}
Event: 6.131 GC heap before
{Heap before GC invocations=17 (full 0):
 garbage-first heap   total 81920K, used 73253K [0x0000000703000000, 0x0000000800000000)
  region size 2048K, 18 young (36864K), 1 survivors (2048K)
 Metaspace       used 84557K, committed 85312K, reserved 1179648K
  class space    used 11495K, committed 11840K, reserved 1048576K
}
Event: 6.134 GC heap after
{Heap after GC invocations=18 (full 0):
 garbage-first heap   total 98304K, used 40035K [0x0000000703000000, 0x0000000800000000)
  region size 2048K, 2 young (4096K), 2 survivors (4096K)
 Metaspace       used 84557K, committed 85312K, reserved 1179648K
  class space    used 11495K, committed 11840K, reserved 1048576K
}
Event: 7.120 GC heap before
{Heap before GC invocations=18 (full 0):
 garbage-first heap   total 98304K, used 87139K [0x0000000703000000, 0x0000000800000000)
  region size 2048K, 25 young (51200K), 2 survivors (4096K)
 Metaspace       used 91445K, committed 92288K, reserved 1179648K
  class space    used 12462K, committed 12864K, reserved 1048576K
}
Event: 7.126 GC heap after
{Heap after GC invocations=19 (full 0):
 garbage-first heap   total 98304K, used 44002K [0x0000000703000000, 0x0000000800000000)
  region size 2048K, 4 young (8192K), 4 survivors (8192K)
 Metaspace       used 91445K, committed 92288K, reserved 1179648K
  class space    used 12462K, committed 12864K, reserved 1048576K
}
Event: 7.588 GC heap before
{Heap before GC invocations=19 (full 0):
 garbage-first heap   total 98304K, used 82914K [0x0000000703000000, 0x0000000800000000)
  region size 2048K, 23 young (47104K), 4 survivors (8192K)
 Metaspace       used 95518K, committed 96512K, reserved 1179648K
  class space    used 13001K, committed 13440K, reserved 1048576K
}
Event: 7.594 GC heap after
{Heap after GC invocations=20 (full 0):
 garbage-first heap   total 98304K, used 50782K [0x0000000703000000, 0x0000000800000000)
  region size 2048K, 3 young (6144K), 3 survivors (6144K)
 Metaspace       used 95518K, committed 96512K, reserved 1179648K
  class space    used 13001K, committed 13440K, reserved 1048576K
}
Event: 9.250 GC heap before
{Heap before GC invocations=21 (full 0):
 garbage-first heap   total 100352K, used 85598K [0x0000000703000000, 0x0000000800000000)
  region size 2048K, 20 young (40960K), 3 survivors (6144K)
 Metaspace       used 98441K, committed 99648K, reserved 1179648K
  class space    used 13377K, committed 13952K, reserved 1048576K
}
Event: 9.254 GC heap after
{Heap after GC invocations=22 (full 0):
 garbage-first heap   total 100352K, used 56937K [0x0000000703000000, 0x0000000800000000)
  region size 2048K, 3 young (6144K), 3 survivors (6144K)
 Metaspace       used 98441K, committed 99648K, reserved 1179648K
  class space    used 13377K, committed 13952K, reserved 1048576K
}
Event: 14.428 GC heap before
{Heap before GC invocations=22 (full 0):
 garbage-first heap   total 100352K, used 85609K [0x0000000703000000, 0x0000000800000000)
  region size 2048K, 18 young (36864K), 3 survivors (6144K)
 Metaspace       used 101704K, committed 102976K, reserved 1179648K
  class space    used 13677K, committed 14272K, reserved 1048576K
}
Event: 14.432 GC heap after
{Heap after GC invocations=23 (full 0):
 garbage-first heap   total 100352K, used 57464K [0x0000000703000000, 0x0000000800000000)
  region size 2048K, 1 young (2048K), 1 survivors (2048K)
 Metaspace       used 101704K, committed 102976K, reserved 1179648K
  class space    used 13677K, committed 14272K, reserved 1048576K
}
Event: 16.866 GC heap before
{Heap before GC invocations=23 (full 0):
 garbage-first heap   total 100352K, used 88184K [0x0000000703000000, 0x0000000800000000)
  region size 2048K, 16 young (32768K), 1 survivors (2048K)
 Metaspace       used 103507K, committed 104832K, reserved 1179648K
  class space    used 13757K, committed 14400K, reserved 1048576K
}
Event: 16.867 GC heap after
{Heap after GC invocations=24 (full 0):
 garbage-first heap   total 100352K, used 56739K [0x0000000703000000, 0x0000000800000000)
  region size 2048K, 1 young (2048K), 1 survivors (2048K)
 Metaspace       used 103507K, committed 104832K, reserved 1179648K
  class space    used 13757K, committed 14400K, reserved 1048576K
}
Event: 71.449 GC heap before
{Heap before GC invocations=25 (full 0):
 garbage-first heap   total 102400K, used 87459K [0x0000000703000000, 0x0000000800000000)
  region size 2048K, 16 young (32768K), 1 survivors (2048K)
 Metaspace       used 103707K, committed 105024K, reserved 1179648K
  class space    used 13780K, committed 14400K, reserved 1048576K
}
Event: 71.451 GC heap after
{Heap after GC invocations=26 (full 0):
 garbage-first heap   total 102400K, used 56714K [0x0000000703000000, 0x0000000800000000)
  region size 2048K, 1 young (2048K), 1 survivors (2048K)
 Metaspace       used 103707K, committed 105024K, reserved 1179648K
  class space    used 13780K, committed 14400K, reserved 1048576K
}
Event: 135.770 GC heap before
{Heap before GC invocations=26 (full 0):
 garbage-first heap   total 102400K, used 91530K [0x0000000703000000, 0x0000000800000000)
  region size 2048K, 18 young (36864K), 1 survivors (2048K)
 Metaspace       used 103725K, committed 105024K, reserved 1179648K
  class space    used 13780K, committed 14400K, reserved 1048576K
}
Event: 135.774 GC heap after
{Heap after GC invocations=27 (full 0):
 garbage-first heap   total 102400K, used 54654K [0x0000000703000000, 0x0000000800000000)
  region size 2048K, 1 young (2048K), 1 survivors (2048K)
 Metaspace       used 103725K, committed 105024K, reserved 1179648K
  class space    used 13780K, committed 14400K, reserved 1048576K
}
Event: 203.909 GC heap before
{Heap before GC invocations=27 (full 0):
 garbage-first heap   total 102400K, used 91518K [0x0000000703000000, 0x0000000800000000)
  region size 2048K, 19 young (38912K), 1 survivors (2048K)
 Metaspace       used 103752K, committed 105024K, reserved 1179648K
  class space    used 13780K, committed 14400K, reserved 1048576K
}
Event: 203.911 GC heap after
{Heap after GC invocations=28 (full 0):
 garbage-first heap   total 102400K, used 54738K [0x0000000703000000, 0x0000000800000000)
  region size 2048K, 1 young (2048K), 1 survivors (2048K)
 Metaspace       used 103752K, committed 105024K, reserved 1179648K
  class space    used 13780K, committed 14400K, reserved 1048576K
}

