# JRE version: Java(TM) SE Runtime Environment (21.0.7+8) (build 21.0.7+8-LTS-245)
# Java VM: Java HotSpot(TM) 64-Bit Server VM (21.0.7+8-LTS-245, mixed mode, sharing, tiered, compressed oops, compressed class ptrs, g1 gc, windows-amd64)
GC Precious Log:
 CardTable entry size: 512
 Card Set container configuration: InlinePtr #cards 4 size 8 Array Of Cards #cards 16 size 48 Howl #buckets 8 coarsen threshold 3686 Howl Bitmap #cards 512 size 80 coarsen threshold 460 Card regions per heap region 1 cards per card region 4096
 CPUs: 12 total, 12 available
 Memory: 16190M
 Large Page Support: Disabled
 NUMA Support: Disabled
 Compressed Oops: Enabled (Zero based)
 Heap Region Size: 2M
 Heap Min Capacity: 8M
 Heap Initial Capacity: 254M
 Heap Max Capacity: 4048M
 Pre-touch: Disabled
 Parallel Workers: 10
 Concurrent Workers: 3
 Concurrent Refinement Workers: 10
 Periodic GC: Disabled
Heap:
 garbage-first heap   total 122880K, used 60473K [0x0000000703000000, 0x0000000800000000)
  region size 2048K, 5 young (10240K), 1 survivors (2048K)
 Metaspace       used 105571K, committed 106944K, reserved 1179648K
  class space    used 13973K, committed 14656K, reserved 1048576K
GC Heap History (20 events):
Event: 7.639 GC heap before
{Heap before GC invocations=19 (full 0):
 garbage-first heap   total 90112K, used 77512K [0x0000000703000000, 0x0000000800000000)
  region size 2048K, 16 young (32768K), 3 survivors (6144K)
 Metaspace       used 98552K, committed 99648K, reserved 1179648K
  class space    used 13357K, committed 13888K, reserved 1048576K
}
Event: 7.643 GC heap after
{Heap after GC invocations=20 (full 0):
 garbage-first heap   total 90112K, used 53538K [0x0000000703000000, 0x0000000800000000)
  region size 2048K, 2 young (4096K), 2 survivors (4096K)
 Metaspace       used 98552K, committed 99648K, reserved 1179648K
  class space    used 13357K, committed 13888K, reserved 1048576K
}
Event: 8.173 GC heap before
{Heap before GC invocations=21 (full 0):
 garbage-first heap   total 96256K, used 78114K [0x0000000703000000, 0x0000000800000000)
  region size 2048K, 14 young (28672K), 2 survivors (4096K)
 Metaspace       used 101213K, committed 102464K, reserved 1179648K
  class space    used 13782K, committed 14400K, reserved 1048576K
}
Event: 8.187 GC heap after
{Heap after GC invocations=22 (full 0):
 garbage-first heap   total 96256K, used 56072K [0x0000000703000000, 0x0000000800000000)
  region size 2048K, 2 young (4096K), 2 survivors (4096K)
 Metaspace       used 101213K, committed 102464K, reserved 1179648K
  class space    used 13782K, committed 14400K, reserved 1048576K
}
Event: 9.835 GC heap before
{Heap before GC invocations=22 (full 0):
 garbage-first heap   total 96256K, used 84744K [0x0000000703000000, 0x0000000800000000)
  region size 2048K, 16 young (32768K), 2 survivors (4096K)
 Metaspace       used 103758K, committed 105024K, reserved 1179648K
  class space    used 13923K, committed 14528K, reserved 1048576K
}
Event: 9.839 GC heap after
{Heap after GC invocations=23 (full 0):
 garbage-first heap   total 96256K, used 57017K [0x0000000703000000, 0x0000000800000000)
  region size 2048K, 1 young (2048K), 1 survivors (2048K)
 Metaspace       used 103758K, committed 105024K, reserved 1179648K
  class space    used 13923K, committed 14528K, reserved 1048576K
}
Event: 15.169 GC heap before
{Heap before GC invocations=23 (full 0):
 garbage-first heap   total 96256K, used 83641K [0x0000000703000000, 0x0000000800000000)
  region size 2048K, 14 young (28672K), 1 survivors (2048K)
 Metaspace       used 104701K, committed 106048K, reserved 1179648K
  class space    used 13942K, committed 14592K, reserved 1048576K
}
Event: 15.174 GC heap after
{Heap after GC invocations=24 (full 0):
 garbage-first heap   total 96256K, used 56097K [0x0000000703000000, 0x0000000800000000)
  region size 2048K, 1 young (2048K), 1 survivors (2048K)
 Metaspace       used 104701K, committed 106048K, reserved 1179648K
  class space    used 13942K, committed 14592K, reserved 1048576K
}
Event: 17.764 GC heap before
{Heap before GC invocations=25 (full 0):
 garbage-first heap   total 102400K, used 84769K [0x0000000703000000, 0x0000000800000000)
  region size 2048K, 15 young (30720K), 1 survivors (2048K)
 Metaspace       used 104748K, committed 106112K, reserved 1179648K
  class space    used 13938K, committed 14592K, reserved 1048576K
}
Event: 17.766 GC heap after
{Heap after GC invocations=26 (full 0):
 garbage-first heap   total 122880K, used 56821K [0x0000000703000000, 0x0000000800000000)
  region size 2048K, 1 young (2048K), 1 survivors (2048K)
 Metaspace       used 104748K, committed 106112K, reserved 1179648K
  class space    used 13938K, committed 14592K, reserved 1048576K
}
Event: 33.183 GC heap before
{Heap before GC invocations=26 (full 0):
 garbage-first heap   total 122880K, used 108021K [0x0000000703000000, 0x0000000800000000)
  region size 2048K, 26 young (53248K), 1 survivors (2048K)
 Metaspace       used 104908K, committed 106240K, reserved 1179648K
  class space    used 13940K, committed 14592K, reserved 1048576K
}
Event: 33.186 GC heap after
{Heap after GC invocations=27 (full 0):
 garbage-first heap   total 122880K, used 55780K [0x0000000703000000, 0x0000000800000000)
  region size 2048K, 1 young (2048K), 1 survivors (2048K)
 Metaspace       used 104908K, committed 106240K, reserved 1179648K
  class space    used 13940K, committed 14592K, reserved 1048576K
}
Event: 43.319 GC heap before
{Heap before GC invocations=27 (full 0):
 garbage-first heap   total 122880K, used 113124K [0x0000000703000000, 0x0000000800000000)
  region size 2048K, 29 young (59392K), 1 survivors (2048K)
 Metaspace       used 104979K, committed 106368K, reserved 1179648K
  class space    used 13942K, committed 14592K, reserved 1048576K
}
Event: 43.320 GC heap after
{Heap after GC invocations=28 (full 0):
 garbage-first heap   total 122880K, used 56014K [0x0000000703000000, 0x0000000800000000)
  region size 2048K, 1 young (2048K), 1 survivors (2048K)
 Metaspace       used 104979K, committed 106368K, reserved 1179648K
  class space    used 13942K, committed 14592K, reserved 1048576K
}
Event: 53.871 GC heap before
{Heap before GC invocations=28 (full 0):
 garbage-first heap   total 122880K, used 113358K [0x0000000703000000, 0x0000000800000000)
  region size 2048K, 29 young (59392K), 1 survivors (2048K)
 Metaspace       used 105117K, committed 106432K, reserved 1179648K
  class space    used 13959K, committed 14592K, reserved 1048576K
}
Event: 53.873 GC heap after
{Heap after GC invocations=29 (full 0):
 garbage-first heap   total 122880K, used 55311K [0x0000000703000000, 0x0000000800000000)
  region size 2048K, 1 young (2048K), 1 survivors (2048K)
 Metaspace       used 105117K, committed 106432K, reserved 1179648K
  class space    used 13959K, committed 14592K, reserved 1048576K
}
Event: 122.398 GC heap before
{Heap before GC invocations=30 (full 0):
 garbage-first heap   total 122880K, used 112655K [0x0000000703000000, 0x0000000800000000)
  region size 2048K, 29 young (59392K), 1 survivors (2048K)
 Metaspace       used 105373K, committed 106688K, reserved 1179648K
  class space    used 13961K, committed 14592K, reserved 1048576K
}
Event: 122.400 GC heap after
{Heap after GC invocations=31 (full 0):
 garbage-first heap   total 122880K, used 55122K [0x0000000703000000, 0x0000000800000000)
  region size 2048K, 1 young (2048K), 1 survivors (2048K)
 Metaspace       used 105373K, committed 106688K, reserved 1179648K
  class space    used 13961K, committed 14592K, reserved 1048576K
}
Event: 193.251 GC heap before
{Heap before GC invocations=31 (full 0):
 garbage-first heap   total 122880K, used 112466K [0x0000000703000000, 0x0000000800000000)
  region size 2048K, 29 young (59392K), 1 survivors (2048K)
 Metaspace       used 105569K, committed 106944K, reserved 1179648K
  class space    used 13972K, committed 14656K, reserved 1048576K
}
Event: 193.258 GC heap after
{Heap after GC invocations=32 (full 0):
 garbage-first heap   total 122880K, used 54329K [0x0000000703000000, 0x0000000800000000)
  region size 2048K, 1 young (2048K), 1 survivors (2048K)
 Metaspace       used 105569K, committed 106944K, reserved 1179648K
  class space    used 13972K, committed 14656K, reserved 1048576K
}

