# JRE version: Java(TM) SE Runtime Environment (21.0.7+8) (build 21.0.7+8-LTS-245)
# Java VM: Java HotSpot(TM) 64-Bit Server VM (21.0.7+8-LTS-245, mixed mode, sharing, tiered, compressed oops, compressed class ptrs, g1 gc, windows-amd64)
GC Precious Log:
 CardTable entry size: 512
 Card Set container configuration: InlinePtr #cards 4 size 8 Array Of Cards #cards 16 size 48 Howl #buckets 8 coarsen threshold 3686 Howl Bitmap #cards 512 size 80 coarsen threshold 460 Card regions per heap region 1 cards per card region 4096
 CPUs: 12 total, 12 available
 Memory: 16190M
 Large Page Support: Disabled
 NUMA Support: Disabled
 Compressed Oops: Enabled (Zero based)
 Heap Region Size: 2M
 Heap Min Capacity: 8M
 Heap Initial Capacity: 254M
 Heap Max Capacity: 4048M
 Pre-touch: Disabled
 Parallel Workers: 10
 Concurrent Workers: 3
 Concurrent Refinement Workers: 10
 Periodic GC: Disabled
Heap:
 garbage-first heap   total 122880K, used 103514K [0x0000000703000000, 0x0000000800000000)
  region size 2048K, 27 young (55296K), 2 survivors (4096K)
 Metaspace       used 109028K, committed 110400K, reserved 1179648K
  class space    used 14257K, committed 14912K, reserved 1048576K
GC Heap History (20 events):
Event: 366.036 GC heap before
{Heap before GC invocations=27 (full 0):
 garbage-first heap   total 122880K, used 111544K [0x0000000703000000, 0x0000000800000000)
  region size 2048K, 29 young (59392K), 1 survivors (2048K)
 Metaspace       used 106249K, committed 107648K, reserved 1179648K
  class space    used 14178K, committed 14848K, reserved 1048576K
}
Event: 366.039 GC heap after
{Heap after GC invocations=28 (full 0):
 garbage-first heap   total 122880K, used 57972K [0x0000000703000000, 0x0000000800000000)
  region size 2048K, 2 young (4096K), 2 survivors (4096K)
 Metaspace       used 106249K, committed 107648K, reserved 1179648K
  class space    used 14178K, committed 14848K, reserved 1048576K
}
Event: 397.192 GC heap before
{Heap before GC invocations=29 (full 0):
 garbage-first heap   total 122880K, used 109172K [0x0000000703000000, 0x0000000800000000)
  region size 2048K, 28 young (57344K), 2 survivors (4096K)
 Metaspace       used 107269K, committed 108544K, reserved 1179648K
  class space    used 14242K, committed 14848K, reserved 1048576K
}
Event: 397.194 GC heap after
{Heap after GC invocations=30 (full 0):
 garbage-first heap   total 122880K, used 58063K [0x0000000703000000, 0x0000000800000000)
  region size 2048K, 2 young (4096K), 2 survivors (4096K)
 Metaspace       used 107269K, committed 108544K, reserved 1179648K
  class space    used 14242K, committed 14848K, reserved 1048576K
}
Event: 469.008 GC heap before
{Heap before GC invocations=30 (full 0):
 garbage-first heap   total 122880K, used 109263K [0x0000000703000000, 0x0000000800000000)
  region size 2048K, 28 young (57344K), 2 survivors (4096K)
 Metaspace       used 107928K, committed 109312K, reserved 1179648K
  class space    used 14243K, committed 14912K, reserved 1048576K
}
Event: 469.011 GC heap after
{Heap after GC invocations=31 (full 0):
 garbage-first heap   total 122880K, used 57207K [0x0000000703000000, 0x0000000800000000)
  region size 2048K, 2 young (4096K), 2 survivors (4096K)
 Metaspace       used 107928K, committed 109312K, reserved 1179648K
  class space    used 14243K, committed 14912K, reserved 1048576K
}
Event: 533.198 GC heap before
{Heap before GC invocations=31 (full 0):
 garbage-first heap   total 122880K, used 110455K [0x0000000703000000, 0x0000000800000000)
  region size 2048K, 28 young (57344K), 2 survivors (4096K)
 Metaspace       used 108508K, committed 109888K, reserved 1179648K
  class space    used 14248K, committed 14912K, reserved 1048576K
}
Event: 533.200 GC heap after
{Heap after GC invocations=32 (full 0):
 garbage-first heap   total 122880K, used 57173K [0x0000000703000000, 0x0000000800000000)
  region size 2048K, 2 young (4096K), 2 survivors (4096K)
 Metaspace       used 108508K, committed 109888K, reserved 1179648K
  class space    used 14248K, committed 14912K, reserved 1048576K
}
Event: 597.583 GC heap before
{Heap before GC invocations=33 (full 0):
 garbage-first heap   total 122880K, used 110421K [0x0000000703000000, 0x0000000800000000)
  region size 2048K, 28 young (57344K), 2 survivors (4096K)
 Metaspace       used 108609K, committed 110016K, reserved 1179648K
  class space    used 14248K, committed 14912K, reserved 1048576K
}
Event: 597.585 GC heap after
{Heap after GC invocations=34 (full 0):
 garbage-first heap   total 122880K, used 57094K [0x0000000703000000, 0x0000000800000000)
  region size 2048K, 2 young (4096K), 2 survivors (4096K)
 Metaspace       used 108609K, committed 110016K, reserved 1179648K
  class space    used 14248K, committed 14912K, reserved 1048576K
}
Event: 662.964 GC heap before
{Heap before GC invocations=34 (full 0):
 garbage-first heap   total 122880K, used 110342K [0x0000000703000000, 0x0000000800000000)
  region size 2048K, 28 young (57344K), 2 survivors (4096K)
 Metaspace       used 108717K, committed 110080K, reserved 1179648K
  class space    used 14248K, committed 14912K, reserved 1048576K
}
Event: 662.972 GC heap after
{Heap after GC invocations=35 (full 0):
 garbage-first heap   total 122880K, used 56707K [0x0000000703000000, 0x0000000800000000)
  region size 2048K, 2 young (4096K), 2 survivors (4096K)
 Metaspace       used 108717K, committed 110080K, reserved 1179648K
  class space    used 14248K, committed 14912K, reserved 1048576K
}
Event: 730.599 GC heap before
{Heap before GC invocations=35 (full 0):
 garbage-first heap   total 122880K, used 112003K [0x0000000703000000, 0x0000000800000000)
  region size 2048K, 29 young (59392K), 2 survivors (4096K)
 Metaspace       used 108824K, committed 110208K, reserved 1179648K
  class space    used 14249K, committed 14912K, reserved 1048576K
}
Event: 730.602 GC heap after
{Heap after GC invocations=36 (full 0):
 garbage-first heap   total 122880K, used 56767K [0x0000000703000000, 0x0000000800000000)
  region size 2048K, 2 young (4096K), 2 survivors (4096K)
 Metaspace       used 108824K, committed 110208K, reserved 1179648K
  class space    used 14249K, committed 14912K, reserved 1048576K
}
Event: 798.489 GC heap before
{Heap before GC invocations=37 (full 0):
 garbage-first heap   total 122880K, used 112063K [0x0000000703000000, 0x0000000800000000)
  region size 2048K, 29 young (59392K), 2 survivors (4096K)
 Metaspace       used 108867K, committed 110272K, reserved 1179648K
  class space    used 14249K, committed 14912K, reserved 1048576K
}
Event: 798.491 GC heap after
{Heap after GC invocations=38 (full 0):
 garbage-first heap   total 122880K, used 56705K [0x0000000703000000, 0x0000000800000000)
  region size 2048K, 2 young (4096K), 2 survivors (4096K)
 Metaspace       used 108867K, committed 110272K, reserved 1179648K
  class space    used 14249K, committed 14912K, reserved 1048576K
}
Event: 865.306 GC heap before
{Heap before GC invocations=38 (full 0):
 garbage-first heap   total 122880K, used 112001K [0x0000000703000000, 0x0000000800000000)
  region size 2048K, 29 young (59392K), 2 survivors (4096K)
 Metaspace       used 108905K, committed 110272K, reserved 1179648K
  class space    used 14249K, committed 14912K, reserved 1048576K
}
Event: 865.309 GC heap after
{Heap after GC invocations=39 (full 0):
 garbage-first heap   total 122880K, used 56094K [0x0000000703000000, 0x0000000800000000)
  region size 2048K, 2 young (4096K), 2 survivors (4096K)
 Metaspace       used 108905K, committed 110272K, reserved 1179648K
  class space    used 14249K, committed 14912K, reserved 1048576K
}
Event: 932.208 GC heap before
{Heap before GC invocations=39 (full 0):
 garbage-first heap   total 122880K, used 111390K [0x0000000703000000, 0x0000000800000000)
  region size 2048K, 29 young (59392K), 2 survivors (4096K)
 Metaspace       used 108937K, committed 110336K, reserved 1179648K
  class space    used 14250K, committed 14912K, reserved 1048576K
}
Event: 932.210 GC heap after
{Heap after GC invocations=40 (full 0):
 garbage-first heap   total 122880K, used 56410K [0x0000000703000000, 0x0000000800000000)
  region size 2048K, 2 young (4096K), 2 survivors (4096K)
 Metaspace       used 108937K, committed 110336K, reserved 1179648K
  class space    used 14250K, committed 14912K, reserved 1048576K
}

